<?xml version="1.0" encoding="UTF-8"?>
<!-- Generated by org.testng.reporters.JUnitReportReporter -->
<testsuite hostname="INLM-SujanD.local" failures="0" tests="1" name="weatherApplicationAPPID.GETWeatherDataAPPID" time="1.369" errors="0" timestamp="05 Jun 2020 09:12:45 GMT" skipped="0">
  <testcase classname="weatherApplicationAPPID.GETWeatherDataAPPID" name="GETGoogleMarketsData" time="1.369"/>
</testsuite> <!-- weatherApplicationAPPID.GETWeatherDataAPPID -->
