<?xml version="1.0" encoding="UTF-8"?>
<!-- Generated by org.testng.reporters.JUnitReportReporter -->
<testsuite hostname="INLM-SujanD.local" failures="0" tests="1" name="restAssuredFramework.GETGoogleMarketsData" time="1.421" errors="0" timestamp="04 Jun 2020 15:23:00 GMT" skipped="0">
  <testcase classname="restAssuredFramework.GETGoogleMarketsData" name="GETGoogleMarketsData" time="1.421"/>
</testsuite> <!-- restAssuredFramework.GETGoogleMarketsData -->
