<?xml version="1.0" encoding="UTF-8"?>
<!-- Generated by org.testng.reporters.JUnitReportReporter -->
<testsuite hostname="INLM-SujanD.local" failures="0" tests="1" name="restAssuredFramework.GETWeatherDetailsAssertions" time="1.935" errors="0" timestamp="04 Jun 2020 15:33:12 GMT" skipped="0">
  <testcase classname="restAssuredFramework.GETWeatherDetailsAssertions" name="weatherdetailsassert" time="1.935"/>
</testsuite> <!-- restAssuredFramework.GETWeatherDetailsAssertions -->
