<?xml version="1.0" encoding="UTF-8"?>
<!-- Generated by org.testng.reporters.JUnitReportReporter -->
<testsuite hostname="INLM-SujanD.local" failures="0" tests="1" name="restAssuredFramework.GETBasicAuthorizationTest" time="1.739" errors="0" timestamp="04 Jun 2020 15:45:28 GMT" skipped="0">
  <testcase classname="restAssuredFramework.GETBasicAuthorizationTest" name="UserAuthorization" time="1.739"/>
</testsuite> <!-- restAssuredFramework.GETBasicAuthorizationTest -->
