<?xml version="1.0" encoding="UTF-8"?>
<!-- Generated by org.testng.reporters.JUnitReportReporter -->
<testsuite hostname="INLM-SujanD.local" failures="0" tests="1" name="dogDetails.GETDogsByBreed" time="2.916" errors="0" timestamp="23 Jul 2020 10:47:30 GMT" skipped="0">
  <testcase classname="dogDetails.GETDogsByBreed" name="DogsByBreed" time="2.916"/>
</testsuite> <!-- dogDetails.GETDogsByBreed -->
