<?xml version="1.0" encoding="UTF-8"?>
<!-- Generated by org.testng.reporters.JUnitReportReporter -->
<testsuite hostname="INLM-SujanD.local" failures="0" tests="1" name="userDataInformation.GETOneUser" time="1.504" errors="0" timestamp="05 Jun 2020 14:29:18 GMT" skipped="0">
  <testcase classname="userDataInformation.GETOneUser" name="getresponseforoneuser" time="1.504"/>
</testsuite> <!-- userDataInformation.GETOneUser -->
