<?xml version="1.0" encoding="UTF-8"?>
<!-- Generated by org.testng.reporters.JUnitReportReporter -->
<testsuite hostname="INLM-SujanD.local" failures="0" tests="1" name="dogDetails.DogsByBreedURL" time="4.101" errors="0" timestamp="05 Jun 2020 09:10:38 GMT" skipped="0">
  <testcase classname="dogDetails.DogsByBreedURL" name="DogsByBreed" time="4.101"/>
</testsuite> <!-- dogDetails.DogsByBreedURL -->
