<?xml version="1.0" encoding="UTF-8"?>
<!-- Generated by org.testng.reporters.JUnitReportReporter -->
<testsuite hostname="INLM-SujanD.local" failures="0" tests="1" name="restAssuredFramework.GETWeatherApplicationCity" time="2.004" errors="0" timestamp="04 Jun 2020 15:48:12 GMT" skipped="0">
  <testcase classname="restAssuredFramework.GETWeatherApplicationCity" name="getWeatherDetails" time="2.004"/>
</testsuite> <!-- restAssuredFramework.GETWeatherApplicationCity -->
