<?xml version="1.0" encoding="UTF-8"?>
<!-- Generated by org.testng.reporters.JUnitReportReporter -->
<testsuite hostname="INLM-SujanD.local" failures="0" tests="1" name="practiceFramework.POSTWeatherApplicationCity" time="2.071" errors="0" timestamp="05 Jun 2020 14:42:43 GMT" skipped="0">
  <testcase classname="practiceFramework.POSTWeatherApplicationCity" name="POSTUserRegistration" time="2.071"/>
</testsuite> <!-- practiceFramework.POSTWeatherApplicationCity -->
