<?xml version="1.0" encoding="UTF-8"?>
<!-- Generated by org.testng.reporters.JUnitReportReporter -->
<testsuite hostname="INLM-SujanD.local" failures="0" tests="1" name="dogDetails.GETDogImage" time="1.610" errors="0" timestamp="05 Jun 2020 07:44:42 GMT" skipped="0">
  <testcase classname="dogDetails.GETDogImage" name="dogimage" time="1.610"/>
</testsuite> <!-- dogDetails.GETDogImage -->
