<?xml version="1.0" encoding="UTF-8"?>
<!-- Generated by org.testng.reporters.JUnitReportReporter -->
<testsuite hostname="INLM-SujanD.local" failures="0" tests="1" name="dogDetails.GETDogsList" time="2.317" errors="0" timestamp="06 Jun 2020 16:06:51 GMT" skipped="0">
  <testcase classname="dogDetails.GETDogsList" name="doglist" time="2.317"/>
</testsuite> <!-- dogDetails.GETDogsList -->
