<?xml version="1.0" encoding="UTF-8"?>
<!-- Generated by org.testng.reporters.JUnitReportReporter -->
<testsuite hostname="INLM-SujanD.local" failures="0" tests="1" name="userDataInformation.GETUsers" time="1.678" errors="0" timestamp="05 Jun 2020 13:49:30 GMT" skipped="0">
  <testcase classname="userDataInformation.GETUsers" name="getuserslist" time="1.678"/>
</testsuite> <!-- userDataInformation.GETUsers -->
