<?xml version="1.0" encoding="UTF-8"?>
<!-- Generated by org.testng.reporters.JUnitReportReporter -->
<testsuite hostname="INLM-SujanD.local" failures="0" tests="1" name="restAssuredFramework.GETDogsList" time="2.220" errors="0" timestamp="05 Jun 2020 07:39:11 GMT" skipped="0">
  <testcase classname="restAssuredFramework.GETDogsList" name="doglist" time="2.220"/>
</testsuite> <!-- restAssuredFramework.GETDogsList -->
