<?xml version="1.0" encoding="UTF-8"?>
<!-- Generated by org.testng.reporters.JUnitReportReporter -->
<testsuite hostname="INLM-SujanD.local" failures="0" tests="1" name="restAssuredFramework.PUTWeatherApplicationCity" time="2.237" errors="0" timestamp="03 Jun 2020 15:04:26 GMT" skipped="0">
  <testcase classname="restAssuredFramework.PUTWeatherApplicationCity" name="POSTUserRegistration" time="2.237"/>
</testsuite> <!-- restAssuredFramework.PUTWeatherApplicationCity -->
