<?xml version="1.0" encoding="UTF-8"?>
<!-- Generated by org.testng.reporters.JUnitReportReporter -->
<testsuite hostname="INLM-SujanD.local" failures="0" tests="1" name="selenideFramework.SelenideTest" time="10.178" errors="0" timestamp="11 Oct 2020 04:26:18 GMT" skipped="0">
  <testcase classname="selenideFramework.SelenideTest" name="googlesearch" time="10.178"/>
</testsuite> <!-- selenideFramework.SelenideTest -->
