<?xml version="1.0" encoding="UTF-8"?>
<!-- Generated by org.testng.reporters.JUnitReportReporter -->
<testsuite hostname="INLM-SujanD.local" failures="0" tests="2" name="seleniumCheck.OrangeHRM" time="34.595" errors="0" timestamp="31 Jul 2020 09:52:19 GMT" skipped="0">
  <testcase classname="seleniumCheck.OrangeHRM" name="b_addemployee" time="26.360"/>
  <testcase classname="seleniumCheck.OrangeHRM" name="a_browseropening" time="8.235"/>
</testsuite> <!-- seleniumCheck.OrangeHRM -->
